<?xml version="1.0" ?>
<!DOCTYPE coverage SYSTEM "http://cobertura.sourceforge.net/xml/coverage-04.dtd">
<coverage lines-valid="78"  lines-covered="0"  line-rate="0"  branches-valid="26"  branches-covered="0"  branch-rate="0"  timestamp="1495113333969" complexity="0" version="0.1">
<sources>
	<source>/Users/mslofstra/git/molgenis-apps-core/navigator/src/main/frontend</source>
</sources>
<packages>
	<package name="src"  line-rate="0"  branch-rate="1" >
	<classes>
		<class name="App.vue"  filename="src/App.vue"  line-rate="0"  branch-rate="1" >
		<methods>
			<method name="(anonymous_0)"  hits="0"  signature="()V" >
				<lines><line number="20"  hits="0" /></lines>
			</method>
			<method name="(anonymous_1)"  hits="0"  signature="()V" >
				<lines><line number="24"  hits="0" /></lines>
			</method>
		</methods>
		<lines>
			<line number="21"  hits="0"  branch="false" />
			<line number="26"  hits="0"  branch="false" />
		</lines>
		</class>
	</classes>
	</package>
	<package name="src.components"  line-rate="0"  branch-rate="0" >
	<classes>
		<class name="Breadcrumb.vue"  filename="src/components/Breadcrumb.vue"  line-rate="0"  branch-rate="1" >
		<methods>
			<method name="(anonymous_0)"  hits="0"  signature="()V" >
				<lines><line number="19"  hits="0" /></lines>
			</method>
		</methods>
		<lines>
			<line number="20"  hits="0"  branch="false" />
		</lines>
		</class>
		<class name="BreadcrumbItem.vue"  filename="src/components/BreadcrumbItem.vue"  line-rate="0"  branch-rate="1" >
		<methods>
			<method name="(anonymous_0)"  hits="0"  signature="()V" >
				<lines><line number="34"  hits="0" /></lines>
			</method>
		</methods>
		<lines>
			<line number="35"  hits="0"  branch="false" />
		</lines>
		</class>
		<class name="ContextMenu.vue"  filename="src/components/ContextMenu.vue"  line-rate="1"  branch-rate="1" >
		<methods>
		</methods>
		<lines>
		</lines>
		</class>
		<class name="Explorer.vue"  filename="src/components/Explorer.vue"  line-rate="1"  branch-rate="1" >
		<methods>
		</methods>
		<lines>
		</lines>
		</class>
		<class name="Meta.vue"  filename="src/components/Meta.vue"  line-rate="1"  branch-rate="1" >
		<methods>
		</methods>
		<lines>
		</lines>
		</class>
		<class name="Navigator.vue"  filename="src/components/Navigator.vue"  line-rate="0"  branch-rate="0" >
		<methods>
			<method name="(anonymous_0)"  hits="0"  signature="()V" >
				<lines><line number="16"  hits="0" /></lines>
			</method>
			<method name="(anonymous_1)"  hits="0"  signature="()V" >
				<lines><line number="27"  hits="0" /></lines>
			</method>
			<method name="(anonymous_2)"  hits="0"  signature="()V" >
				<lines><line number="31"  hits="0" /></lines>
			</method>
			<method name="(anonymous_3)"  hits="0"  signature="()V" >
				<lines><line number="35"  hits="0" /></lines>
			</method>
			<method name="(anonymous_4)"  hits="0"  signature="()V" >
				<lines><line number="39"  hits="0" /></lines>
			</method>
		</methods>
		<lines>
			<line number="17"  hits="0"  branch="false" />
			<line number="20"  hits="0"  branch="false" />
			<line number="28"  hits="0"  branch="true"  condition-coverage="0% (0/2)" />
			<line number="29"  hits="0"  branch="false" />
			<line number="32"  hits="0"  branch="true"  condition-coverage="0% (0/2)" />
			<line number="33"  hits="0"  branch="false" />
			<line number="36"  hits="0"  branch="false" />
			<line number="40"  hits="0"  branch="true"  condition-coverage="0% (0/2)" />
			<line number="44"  hits="0"  branch="true"  condition-coverage="0% (0/2)" />
			<line number="45"  hits="0"  branch="false" />
		</lines>
		</class>
		<class name="PackageTable.vue"  filename="src/components/PackageTable.vue"  line-rate="0"  branch-rate="1" >
		<methods>
			<method name="(anonymous_0)"  hits="0"  signature="()V" >
				<lines><line number="36"  hits="0" /></lines>
			</method>
			<method name="(anonymous_1)"  hits="0"  signature="()V" >
				<lines><line number="39"  hits="0" /></lines>
			</method>
			<method name="(anonymous_2)"  hits="0"  signature="()V" >
				<lines><line number="43"  hits="0" /></lines>
			</method>
			<method name="(anonymous_3)"  hits="0"  signature="()V" >
				<lines><line number="47"  hits="0" /></lines>
			</method>
			<method name="(anonymous_4)"  hits="0"  signature="()V" >
				<lines><line number="51"  hits="0" /></lines>
			</method>
			<method name="(anonymous_5)"  hits="0"  signature="()V" >
				<lines><line number="54"  hits="0" /></lines>
			</method>
			<method name="(anonymous_6)"  hits="0"  signature="()V" >
				<lines><line number="58"  hits="0" /></lines>
			</method>
		</methods>
		<lines>
			<line number="37"  hits="0"  branch="false" />
			<line number="40"  hits="0"  branch="false" />
			<line number="44"  hits="0"  branch="false" />
			<line number="45"  hits="0"  branch="false" />
			<line number="48"  hits="0"  branch="false" />
			<line number="49"  hits="0"  branch="false" />
			<line number="52"  hits="0"  branch="false" />
			<line number="55"  hits="0"  branch="false" />
			<line number="56"  hits="0"  branch="false" />
			<line number="59"  hits="0"  branch="false" />
		</lines>
		</class>
		<class name="PackageTableBody.vue"  filename="src/components/PackageTableBody.vue"  line-rate="0"  branch-rate="1" >
		<methods>
			<method name="(anonymous_0)"  hits="0"  signature="()V" >
				<lines><line number="33"  hits="0" /></lines>
			</method>
			<method name="(anonymous_1)"  hits="0"  signature="()V" >
				<lines><line number="40"  hits="0" /></lines>
			</method>
			<method name="(anonymous_2)"  hits="0"  signature="()V" >
				<lines><line number="45"  hits="0" /></lines>
			</method>
			<method name="(anonymous_3)"  hits="0"  signature="()V" >
				<lines><line number="48"  hits="0" /></lines>
			</method>
			<method name="(anonymous_4)"  hits="0"  signature="()V" >
				<lines><line number="52"  hits="0" /></lines>
			</method>
			<method name="(anonymous_5)"  hits="0"  signature="()V" >
				<lines><line number="55"  hits="0" /></lines>
			</method>
		</methods>
		<lines>
			<line number="34"  hits="0"  branch="false" />
			<line number="41"  hits="0"  branch="false" />
			<line number="42"  hits="0"  branch="false" />
			<line number="46"  hits="0"  branch="false" />
			<line number="49"  hits="0"  branch="false" />
			<line number="50"  hits="0"  branch="false" />
			<line number="53"  hits="0"  branch="false" />
			<line number="56"  hits="0"  branch="false" />
			<line number="57"  hits="0"  branch="false" />
			<line number="58"  hits="0"  branch="false" />
		</lines>
		</class>
		<class name="PackageTableControls.vue"  filename="src/components/PackageTableControls.vue"  line-rate="0"  branch-rate="1" >
		<methods>
			<method name="(anonymous_0)"  hits="0"  signature="()V" >
				<lines><line number="19"  hits="0" /></lines>
			</method>
			<method name="(anonymous_1)"  hits="0"  signature="()V" >
				<lines><line number="30"  hits="0" /></lines>
			</method>
			<method name="(anonymous_2)"  hits="0"  signature="()V" >
				<lines><line number="33"  hits="0" /></lines>
			</method>
		</methods>
		<lines>
			<line number="20"  hits="0"  branch="false" />
			<line number="21"  hits="0"  branch="false" />
			<line number="22"  hits="0"  branch="false" />
			<line number="23"  hits="0"  branch="false" />
			<line number="24"  hits="0"  branch="false" />
			<line number="26"  hits="0"  branch="false" />
			<line number="31"  hits="0"  branch="false" />
			<line number="34"  hits="0"  branch="false" />
		</lines>
		</class>
		<class name="PackageTableHeader.vue"  filename="src/components/PackageTableHeader.vue"  line-rate="0"  branch-rate="1" >
		<methods>
			<method name="(anonymous_0)"  hits="0"  signature="()V" >
				<lines><line number="24"  hits="0" /></lines>
			</method>
		</methods>
		<lines>
			<line number="25"  hits="0"  branch="false" />
		</lines>
		</class>
		<class name="PackageTableHeaderCell.vue"  filename="src/components/PackageTableHeaderCell.vue"  line-rate="0"  branch-rate="0" >
		<methods>
			<method name="(anonymous_0)"  hits="0"  signature="()V" >
				<lines><line number="32"  hits="0" /></lines>
			</method>
		</methods>
		<lines>
			<line number="33"  hits="0"  branch="true"  condition-coverage="0% (0/4)" />
			<line number="34"  hits="0"  branch="false" />
		</lines>
		</class>
		<class name="PackageTableRow.vue"  filename="src/components/PackageTableRow.vue"  line-rate="0"  branch-rate="1" >
		<methods>
			<method name="(anonymous_0)"  hits="0"  signature="()V" >
				<lines><line number="39"  hits="0" /></lines>
			</method>
			<method name="(anonymous_1)"  hits="0"  signature="()V" >
				<lines><line number="42"  hits="0" /></lines>
			</method>
			<method name="(anonymous_2)"  hits="0"  signature="()V" >
				<lines><line number="45"  hits="0" /></lines>
			</method>
			<method name="(anonymous_3)"  hits="0"  signature="()V" >
				<lines><line number="48"  hits="0" /></lines>
			</method>
			<method name="(anonymous_4)"  hits="0"  signature="()V" >
				<lines><line number="51"  hits="0" /></lines>
			</method>
		</methods>
		<lines>
			<line number="40"  hits="0"  branch="false" />
			<line number="43"  hits="0"  branch="false" />
			<line number="46"  hits="0"  branch="false" />
			<line number="49"  hits="0"  branch="false" />
			<line number="52"  hits="0"  branch="false" />
		</lines>
		</class>
	</classes>
	</package>
	<package name="src.store"  line-rate="0"  branch-rate="0" >
	<classes>
		<class name="actions.js"  filename="src/store/actions.js"  line-rate="0"  branch-rate="0" >
		<methods>
			<method name="(anonymous_0)"  hits="0"  signature="()V" >
				<lines><line number="43"  hits="0" /></lines>
			</method>
			<method name="(anonymous_1)"  hits="0"  signature="()V" >
				<lines><line number="46"  hits="0" /></lines>
			</method>
			<method name="(anonymous_2)"  hits="0"  signature="()V" >
				<lines><line number="49"  hits="0" /></lines>
			</method>
			<method name="(anonymous_3)"  hits="0"  signature="()V" >
				<lines><line number="77"  hits="0" /></lines>
			</method>
		</methods>
		<lines>
			<line number="6"  hits="0"  branch="false" />
			<line number="7"  hits="0"  branch="false" />
			<line number="9"  hits="0"  branch="false" />
			<line number="16"  hits="0"  branch="false" />
			<line number="21"  hits="0"  branch="false" />
			<line number="26"  hits="0"  branch="false" />
			<line number="36"  hits="0"  branch="true"  condition-coverage="0% (0/4)" />
			<line number="38"  hits="0"  branch="false" />
			<line number="40"  hits="0"  branch="false" />
			<line number="41"  hits="0"  branch="false" />
			<line number="42"  hits="0"  branch="false" />
			<line number="44"  hits="0"  branch="true"  condition-coverage="0% (0/2)" />
			<line number="46"  hits="0"  branch="false" />
			<line number="47"  hits="0"  branch="true"  condition-coverage="0% (0/2)" />
			<line number="49"  hits="0"  branch="false" />
			<line number="50"  hits="0"  branch="true"  condition-coverage="0% (0/2)" />
			<line number="55"  hits="0"  branch="false" />
			<line number="56"  hits="0"  branch="false" />
			<line number="57"  hits="0"  branch="false" />
			<line number="59"  hits="0"  branch="false" />
			<line number="61"  hits="0"  branch="false" />
			<line number="65"  hits="0"  branch="true"  condition-coverage="0% (0/4)" />
			<line number="66"  hits="0"  branch="false" />
			<line number="68"  hits="0"  branch="false" />
			<line number="73"  hits="0"  branch="false" />
			<line number="77"  hits="0"  branch="false" />
			<line number="78"  hits="0"  branch="false" />
			<line number="79"  hits="0"  branch="false" />
		</lines>
		</class>
	</classes>
	</package>
</packages>
</coverage>
